<?xml version="1.0" encoding="UTF-8"?>
<!-- Generated by org.testng.reporters.JUnitXMLReporter -->
<testsuite ignored="3" hostname="EGSPL-AUR601" failures="0" tests="1" name="Default test" time="177.972" errors="0" timestamp="2022-03-12T13:17:14 IST">
  <testcase classname="testcases.LoginTest" name="LoginSuccessTest" time="77.931"/>
  <testcase classname="testcases.LoginTest" name="ParameterizedTest" time="0.0">
    <ignored/>
  </testcase> <!-- ParameterizedTest -->
  <testcase classname="testcases.LoginTest" name="LoginFailiureTest" time="0.0">
    <ignored/>
  </testcase> <!-- LoginFailiureTest -->
  <testcase classname="testcases.LoginTest" name="ExternalData" time="0.0">
    <ignored/>
  </testcase> <!-- ExternalData -->
</testsuite> <!-- Default test -->
