<?xml version="1.0" encoding="UTF-8"?>
<!-- Generated by org.testng.reporters.JUnitXMLReporter -->
<testsuite ignored="0" hostname="EGSPL-AUR601" failures="0" tests="3" name="Test" time="203.803" errors="0" timestamp="2022-03-12T12:14:17 IST">
  <testcase classname="testcases.LoginTest" name="ExternalData" time="34.596"/>
  <testcase classname="testcases.LoginTest" name="LoginSuccessTest" time="34.201"/>
  <testcase classname="testcases.LoginTest" name="ParameterizedTest" time="35.237"/>
</testsuite> <!-- Test -->
