<?xml version="1.0" encoding="UTF-8"?>
<!-- Generated by org.testng.reporters.JUnitXMLReporter -->
<testsuite ignored="0" hostname="EGSPL-AUR601" failures="0" tests="4" name="Test" time="200.9" errors="0" timestamp="2022-03-13T10:01:08 IST">
  <testcase classname="testcases.LoginTest" name="ExternalData" time="38.931"/>
  <testcase classname="testcases.LoginTest" name="LoginFailiureTest" time="41.482"/>
  <testcase classname="testcases.LoginTest" name="LoginSuccessTest" time="37.335"/>
  <testcase classname="testcases.LoginTest" name="ParameterizedTest" time="37.717"/>
</testsuite> <!-- Test -->
