<?xml version="1.0" encoding="UTF-8"?>
<testng-results ignored="3" total="4" passed="1" failed="0" skipped="0">
  <reporter-output>
  </reporter-output>
  <suite started-at="2022-03-12T13:14:16 IST" name="Default suite" finished-at="2022-03-12T13:17:14 IST" duration-ms="177972">
    <groups>
    </groups>
    <test started-at="2022-03-12T13:14:16 IST" name="Default test" finished-at="2022-03-12T13:17:14 IST" duration-ms="177972">
      <class name="testcases.LoginTest">
        <test-method is-config="true" signature="DataSetUP()[pri:0, instance:testcases.LoginTest@bd4dc25]" started-at="2022-03-12T13:14:16 IST" name="DataSetUP" finished-at="2022-03-12T13:14:17 IST" duration-ms="953" status="PASS">
          <reporter-output>
          </reporter-output>
        </test-method> <!-- DataSetUP -->
        <test-method is-config="true" signature="SetUp()[pri:0, instance:testcases.LoginTest@bd4dc25]" started-at="2022-03-12T13:14:17 IST" name="SetUp" finished-at="2022-03-12T13:15:52 IST" duration-ms="95301" status="PASS">
          <reporter-output>
          </reporter-output>
        </test-method> <!-- SetUp -->
        <test-method signature="LoginSuccessTest()[pri:0, instance:testcases.LoginTest@bd4dc25]" started-at="2022-03-12T13:15:52 IST" name="LoginSuccessTest" finished-at="2022-03-12T13:17:10 IST" duration-ms="77931" status="PASS">
          <reporter-output>
          </reporter-output>
        </test-method> <!-- LoginSuccessTest -->
        <test-method is-config="true" signature="TearDown()[pri:0, instance:testcases.LoginTest@bd4dc25]" started-at="2022-03-12T13:17:10 IST" name="TearDown" finished-at="2022-03-12T13:17:13 IST" duration-ms="3446" status="PASS">
          <reporter-output>
          </reporter-output>
        </test-method> <!-- TearDown -->
        <test-method is-config="true" signature="DataTearDown()[pri:0, instance:testcases.LoginTest@bd4dc25]" started-at="2022-03-12T13:17:13 IST" name="DataTearDown" finished-at="2022-03-12T13:17:14 IST" duration-ms="281" status="PASS">
          <reporter-output>
          </reporter-output>
        </test-method> <!-- DataTearDown -->
      </class> <!-- testcases.LoginTest -->
    </test> <!-- Default test -->
  </suite> <!-- Default suite -->
</testng-results>
