<?xml version="1.0" encoding="UTF-8"?>
<testng-results ignored="0" total="4" passed="4" failed="0" skipped="0">
  <reporter-output>
  </reporter-output>
  <suite started-at="2022-03-13T09:57:47 IST" name="Suite" finished-at="2022-03-13T10:01:08 IST" duration-ms="200900">
    <groups>
    </groups>
    <test started-at="2022-03-13T09:57:47 IST" name="Test" finished-at="2022-03-13T10:01:08 IST" duration-ms="200900">
      <class name="testcases.LoginTest">
        <test-method is-config="true" signature="DataSetUP()[pri:0, instance:testcases.LoginTest@3d6f0054]" started-at="2022-03-13T09:57:47 IST" name="DataSetUP" finished-at="2022-03-13T09:57:47 IST" duration-ms="790" status="PASS">
          <reporter-output>
          </reporter-output>
        </test-method> <!-- DataSetUP -->
        <test-method is-config="true" signature="SetUp(java.lang.reflect.Method)[pri:0, instance:testcases.LoginTest@3d6f0054]" started-at="2022-03-13T09:57:47 IST" name="SetUp" finished-at="2022-03-13T09:57:58 IST" duration-ms="10222" status="PASS">
          <params>
            <param index="0">
              <value>
                <![CDATA[public void testcases.LoginTest.ExternalData()]]>
              </value>
            </param>
          </params>
          <reporter-output>
          </reporter-output>
        </test-method> <!-- SetUp -->
        <test-method signature="ExternalData()[pri:0, instance:testcases.LoginTest@3d6f0054]" started-at="2022-03-13T09:57:58 IST" name="ExternalData" finished-at="2022-03-13T09:58:37 IST" duration-ms="38931" status="PASS">
          <reporter-output>
          </reporter-output>
        </test-method> <!-- ExternalData -->
        <test-method is-config="true" signature="TearDown()[pri:0, instance:testcases.LoginTest@3d6f0054]" started-at="2022-03-13T09:58:37 IST" name="TearDown" finished-at="2022-03-13T09:58:37 IST" duration-ms="406" status="PASS">
          <reporter-output>
          </reporter-output>
        </test-method> <!-- TearDown -->
        <test-method is-config="true" signature="SetUp(java.lang.reflect.Method)[pri:0, instance:testcases.LoginTest@3d6f0054]" started-at="2022-03-13T09:58:37 IST" name="SetUp" finished-at="2022-03-13T09:58:43 IST" duration-ms="6470" status="PASS">
          <params>
            <param index="0">
              <value>
                <![CDATA[public void testcases.LoginTest.LoginFailiureTest()]]>
              </value>
            </param>
          </params>
          <reporter-output>
          </reporter-output>
        </test-method> <!-- SetUp -->
        <test-method signature="LoginFailiureTest()[pri:0, instance:testcases.LoginTest@3d6f0054]" started-at="2022-03-13T09:58:43 IST" name="LoginFailiureTest" finished-at="2022-03-13T09:59:25 IST" duration-ms="41482" status="PASS">
          <reporter-output>
          </reporter-output>
        </test-method> <!-- LoginFailiureTest -->
        <test-method is-config="true" signature="TearDown()[pri:0, instance:testcases.LoginTest@3d6f0054]" started-at="2022-03-13T09:59:25 IST" name="TearDown" finished-at="2022-03-13T09:59:26 IST" duration-ms="640" status="PASS">
          <reporter-output>
          </reporter-output>
        </test-method> <!-- TearDown -->
        <test-method is-config="true" signature="SetUp(java.lang.reflect.Method)[pri:0, instance:testcases.LoginTest@3d6f0054]" started-at="2022-03-13T09:59:26 IST" name="SetUp" finished-at="2022-03-13T09:59:40 IST" duration-ms="13957" status="PASS">
          <params>
            <param index="0">
              <value>
                <![CDATA[public void testcases.LoginTest.LoginSuccessTest()]]>
              </value>
            </param>
          </params>
          <reporter-output>
          </reporter-output>
        </test-method> <!-- SetUp -->
        <test-method signature="LoginSuccessTest()[pri:0, instance:testcases.LoginTest@3d6f0054]" started-at="2022-03-13T09:59:40 IST" name="LoginSuccessTest" finished-at="2022-03-13T10:00:17 IST" duration-ms="37335" status="PASS">
          <reporter-output>
          </reporter-output>
        </test-method> <!-- LoginSuccessTest -->
        <test-method is-config="true" signature="TearDown()[pri:0, instance:testcases.LoginTest@3d6f0054]" started-at="2022-03-13T10:00:17 IST" name="TearDown" finished-at="2022-03-13T10:00:18 IST" duration-ms="906" status="PASS">
          <reporter-output>
          </reporter-output>
        </test-method> <!-- TearDown -->
        <test-method is-config="true" signature="SetUp(java.lang.reflect.Method)[pri:0, instance:testcases.LoginTest@3d6f0054]" started-at="2022-03-13T10:00:18 IST" name="SetUp" finished-at="2022-03-13T10:00:29 IST" duration-ms="11118" status="PASS">
          <params>
            <param index="0">
              <value>
                <![CDATA[public void testcases.LoginTest.ParameterizedTest(java.lang.String,java.lang.String)]]>
              </value>
            </param>
          </params>
          <reporter-output>
          </reporter-output>
        </test-method> <!-- SetUp -->
        <test-method signature="ParameterizedTest(java.lang.String,java.lang.String)[pri:0, instance:testcases.LoginTest@3d6f0054]" started-at="2022-03-13T10:00:29 IST" name="ParameterizedTest" finished-at="2022-03-13T10:01:07 IST" duration-ms="37717" status="PASS">
          <params>
            <param index="0">
              <value>
                <![CDATA[abc@a.com]]>
              </value>
            </param>
            <param index="1">
              <value>
                <![CDATA[pass@12345]]>
              </value>
            </param>
          </params>
          <reporter-output>
          </reporter-output>
        </test-method> <!-- ParameterizedTest -->
        <test-method is-config="true" signature="TearDown()[pri:0, instance:testcases.LoginTest@3d6f0054]" started-at="2022-03-13T10:01:07 IST" name="TearDown" finished-at="2022-03-13T10:01:07 IST" duration-ms="636" status="PASS">
          <reporter-output>
          </reporter-output>
        </test-method> <!-- TearDown -->
        <test-method is-config="true" signature="DataTearDown()[pri:0, instance:testcases.LoginTest@3d6f0054]" started-at="2022-03-13T10:01:07 IST" name="DataTearDown" finished-at="2022-03-13T10:01:08 IST" duration-ms="245" status="PASS">
          <reporter-output>
          </reporter-output>
        </test-method> <!-- DataTearDown -->
      </class> <!-- testcases.LoginTest -->
    </test> <!-- Test -->
  </suite> <!-- Suite -->
</testng-results>
